  [1m[35m (237.3ms)[0m  [1m[35mCREATE DATABASE "neighbor_backend_development" ENCODING = 'unicode'[0m
  [1m[35m (161.6ms)[0m  [1m[35mCREATE DATABASE "neighbor_backend_test" ENCODING = 'unicode'[0m
  [1m[35m (7.1ms)[0m  [1m[35mCREATE TABLE "schema_migrations" ("version" character varying NOT NULL PRIMARY KEY)[0m
  [1m[35m (2.5ms)[0m  [1m[35mCREATE TABLE "ar_internal_metadata" ("key" character varying NOT NULL PRIMARY KEY, "value" character varying, "created_at" timestamp(6) NOT NULL, "updated_at" timestamp(6) NOT NULL)[0m
  [1m[35m (0.6ms)[0m  [1m[34mSELECT pg_try_advisory_lock(5938334619684969600)[0m
  [1m[35m (0.6ms)[0m  [1m[34mSELECT "schema_migrations"."version" FROM "schema_migrations" ORDER BY "schema_migrations"."version" ASC[0m
Migrating to CreateUsers (20200704002510)
  [1m[35m (0.1ms)[0m  [1m[35mBEGIN[0m
  [1m[35m (4.2ms)[0m  [1m[35mCREATE TABLE "users" ("id" bigserial primary key, "username" character varying, "location" character varying, "created_at" timestamp(6) NOT NULL, "updated_at" timestamp(6) NOT NULL)[0m
  [1m[36mprimary::SchemaMigration Create (0.5ms)[0m  [1m[32mINSERT INTO "schema_migrations" ("version") VALUES ($1) RETURNING "version"[0m  [["version", "20200704002510"]]
  [1m[35m (1.4ms)[0m  [1m[35mCOMMIT[0m
Migrating to CreateKitchens (20200704002651)
  [1m[35m (1.1ms)[0m  [1m[35mBEGIN[0m
  [1m[35m (2.6ms)[0m  [1m[35mCREATE TABLE "kitchens" ("id" bigserial primary key, "username" character varying, "description" text, "location" character varying, "food_type" character varying, "created_at" timestamp(6) NOT NULL, "updated_at" timestamp(6) NOT NULL)[0m
  [1m[36mprimary::SchemaMigration Create (0.3ms)[0m  [1m[32mINSERT INTO "schema_migrations" ("version") VALUES ($1) RETURNING "version"[0m  [["version", "20200704002651"]]
  [1m[35m (0.5ms)[0m  [1m[35mCOMMIT[0m
Migrating to CreateOrders (20200704002724)
  [1m[35m (0.4ms)[0m  [1m[35mBEGIN[0m
  [1m[35m (14.8ms)[0m  [1m[35mCREATE TABLE "orders" ("id" bigserial primary key, "date" timestamp, "total_price" decimal, "user_id" bigint NOT NULL, "kitchen_id" bigint NOT NULL, "created_at" timestamp(6) NOT NULL, "updated_at" timestamp(6) NOT NULL, CONSTRAINT "fk_rails_f868b47f6a"
FOREIGN KEY ("user_id")
  REFERENCES "users" ("id")
, CONSTRAINT "fk_rails_8add47c8a0"
FOREIGN KEY ("kitchen_id")
  REFERENCES "kitchens" ("id")
)[0m
  [1m[35m (3.7ms)[0m  [1m[35mCREATE  INDEX  "index_orders_on_user_id" ON "orders"  ("user_id")[0m
  [1m[35m (1.4ms)[0m  [1m[35mCREATE  INDEX  "index_orders_on_kitchen_id" ON "orders"  ("kitchen_id")[0m
  [1m[36mprimary::SchemaMigration Create (0.3ms)[0m  [1m[32mINSERT INTO "schema_migrations" ("version") VALUES ($1) RETURNING "version"[0m  [["version", "20200704002724"]]
  [1m[35m (2.3ms)[0m  [1m[35mCOMMIT[0m
Migrating to CreateMenus (20200704002747)
  [1m[35m (0.6ms)[0m  [1m[35mBEGIN[0m
  [1m[35m (3.3ms)[0m  [1m[35mCREATE TABLE "menus" ("id" bigserial primary key, "date" date, "kitchen_id" bigint NOT NULL, "created_at" timestamp(6) NOT NULL, "updated_at" timestamp(6) NOT NULL, CONSTRAINT "fk_rails_715a927657"
FOREIGN KEY ("kitchen_id")
  REFERENCES "kitchens" ("id")
)[0m
  [1m[35m (1.7ms)[0m  [1m[35mCREATE  INDEX  "index_menus_on_kitchen_id" ON "menus"  ("kitchen_id")[0m
  [1m[36mprimary::SchemaMigration Create (0.3ms)[0m  [1m[32mINSERT INTO "schema_migrations" ("version") VALUES ($1) RETURNING "version"[0m  [["version", "20200704002747"]]
  [1m[35m (0.5ms)[0m  [1m[35mCOMMIT[0m
Migrating to CreateFoods (20200704002858)
  [1m[35m (0.3ms)[0m  [1m[35mBEGIN[0m
  [1m[35m (4.0ms)[0m  [1m[35mCREATE TABLE "foods" ("id" bigserial primary key, "name" character varying, "description" text, "price" decimal, "img_src" character varying, "availability" boolean, "menu_id" bigint NOT NULL, "created_at" timestamp(6) NOT NULL, "updated_at" timestamp(6) NOT NULL, CONSTRAINT "fk_rails_eedbb56593"
FOREIGN KEY ("menu_id")
  REFERENCES "menus" ("id")
)[0m
  [1m[35m (1.6ms)[0m  [1m[35mCREATE  INDEX  "index_foods_on_menu_id" ON "foods"  ("menu_id")[0m
  [1m[36mprimary::SchemaMigration Create (0.3ms)[0m  [1m[32mINSERT INTO "schema_migrations" ("version") VALUES ($1) RETURNING "version"[0m  [["version", "20200704002858"]]
  [1m[35m (0.5ms)[0m  [1m[35mCOMMIT[0m
  [1m[36mActiveRecord::InternalMetadata Load (3.0ms)[0m  [1m[34mSELECT "ar_internal_metadata".* FROM "ar_internal_metadata" WHERE "ar_internal_metadata"."key" = $1 LIMIT $2[0m  [["key", "environment"], ["LIMIT", 1]]
  [1m[35m (0.1ms)[0m  [1m[35mBEGIN[0m
  [1m[36mActiveRecord::InternalMetadata Create (0.5ms)[0m  [1m[32mINSERT INTO "ar_internal_metadata" ("key", "value", "created_at", "updated_at") VALUES ($1, $2, $3, $4) RETURNING "key"[0m  [["key", "environment"], ["value", "development"], ["created_at", "2020-07-04 00:32:53.878263"], ["updated_at", "2020-07-04 00:32:53.878263"]]
  [1m[35m (0.3ms)[0m  [1m[35mCOMMIT[0m
  [1m[35m (0.3ms)[0m  [1m[34mSELECT pg_advisory_unlock(5938334619684969600)[0m
  [1m[35m (0.7ms)[0m  [1m[34mSELECT "schema_migrations"."version" FROM "schema_migrations" ORDER BY "schema_migrations"."version" ASC[0m
  [1m[35m (0.7ms)[0m  [1m[34mSELECT "schema_migrations"."version" FROM "schema_migrations" ORDER BY "schema_migrations"."version" ASC[0m
  [1m[35m (0.6ms)[0m  [1m[34mSELECT "schema_migrations"."version" FROM "schema_migrations" ORDER BY "schema_migrations"."version" ASC[0m
  [1m[35m (0.7ms)[0m  [1m[34mSELECT "schema_migrations"."version" FROM "schema_migrations" ORDER BY "schema_migrations"."version" ASC[0m
  [1m[35m (0.7ms)[0m  [1m[34mSELECT "schema_migrations"."version" FROM "schema_migrations" ORDER BY "schema_migrations"."version" ASC[0m
  [1m[35m (0.6ms)[0m  [1m[34mSELECT "schema_migrations"."version" FROM "schema_migrations" ORDER BY "schema_migrations"."version" ASC[0m
  [1m[35m (0.6ms)[0m  [1m[34mSELECT "schema_migrations"."version" FROM "schema_migrations" ORDER BY "schema_migrations"."version" ASC[0m
  [1m[35m (0.6ms)[0m  [1m[34mSELECT "schema_migrations"."version" FROM "schema_migrations" ORDER BY "schema_migrations"."version" ASC[0m
  [1m[35m (0.9ms)[0m  [1m[34mSELECT "schema_migrations"."version" FROM "schema_migrations" ORDER BY "schema_migrations"."version" ASC[0m
  [1m[35m (0.9ms)[0m  [1m[34mSELECT "schema_migrations"."version" FROM "schema_migrations" ORDER BY "schema_migrations"."version" ASC[0m
  [1m[35m (0.7ms)[0m  [1m[34mSELECT "schema_migrations"."version" FROM "schema_migrations" ORDER BY "schema_migrations"."version" ASC[0m
  [1m[35m (0.6ms)[0m  [1m[34mSELECT "schema_migrations"."version" FROM "schema_migrations" ORDER BY "schema_migrations"."version" ASC[0m
  [1m[35m (0.6ms)[0m  [1m[34mSELECT "schema_migrations"."version" FROM "schema_migrations" ORDER BY "schema_migrations"."version" ASC[0m
  [1m[35m (0.6ms)[0m  [1m[34mSELECT "schema_migrations"."version" FROM "schema_migrations" ORDER BY "schema_migrations"."version" ASC[0m
  [1m[35m (0.6ms)[0m  [1m[34mSELECT "schema_migrations"."version" FROM "schema_migrations" ORDER BY "schema_migrations"."version" ASC[0m
  [1m[35m (0.6ms)[0m  [1m[34mSELECT "schema_migrations"."version" FROM "schema_migrations" ORDER BY "schema_migrations"."version" ASC[0m
  [1m[35m (0.6ms)[0m  [1m[34mSELECT "schema_migrations"."version" FROM "schema_migrations" ORDER BY "schema_migrations"."version" ASC[0m
  [1m[35m (0.8ms)[0m  [1m[34mSELECT "schema_migrations"."version" FROM "schema_migrations" ORDER BY "schema_migrations"."version" ASC[0m
  [1m[35m (0.6ms)[0m  [1m[34mSELECT "schema_migrations"."version" FROM "schema_migrations" ORDER BY "schema_migrations"."version" ASC[0m
  [1m[35m (0.7ms)[0m  [1m[34mSELECT "schema_migrations"."version" FROM "schema_migrations" ORDER BY "schema_migrations"."version" ASC[0m
  [1m[35m (0.7ms)[0m  [1m[34mSELECT "schema_migrations"."version" FROM "schema_migrations" ORDER BY "schema_migrations"."version" ASC[0m
  [1m[35m (0.6ms)[0m  [1m[34mSELECT "schema_migrations"."version" FROM "schema_migrations" ORDER BY "schema_migrations"."version" ASC[0m
  [1m[35m (0.6ms)[0m  [1m[34mSELECT "schema_migrations"."version" FROM "schema_migrations" ORDER BY "schema_migrations"."version" ASC[0m
  [1m[35m (1.1ms)[0m  [1m[34mSELECT "schema_migrations"."version" FROM "schema_migrations" ORDER BY "schema_migrations"."version" ASC[0m
  [1m[36mUser Load (2.2ms)[0m  [1m[34mSELECT "users".* FROM "users" LIMIT $1[0m  [["LIMIT", 11]]
  [1m[36mKitchen Load (13.2ms)[0m  [1m[34mSELECT "kitchens".* FROM "kitchens" LIMIT $1[0m  [["LIMIT", 11]]
  [1m[35m (0.6ms)[0m  [1m[34mSELECT "schema_migrations"."version" FROM "schema_migrations" ORDER BY "schema_migrations"."version" ASC[0m
  [1m[36mUser Load (0.3ms)[0m  [1m[34mSELECT "users".* FROM "users" LIMIT $1[0m  [["LIMIT", 11]]
  [1m[35m (0.6ms)[0m  [1m[34mSELECT "schema_migrations"."version" FROM "schema_migrations" ORDER BY "schema_migrations"."version" ASC[0m
  [1m[36mUser Load (0.3ms)[0m  [1m[34mSELECT "users".* FROM "users" LIMIT $1[0m  [["LIMIT", 11]]
  [1m[35m (0.6ms)[0m  [1m[34mSELECT "schema_migrations"."version" FROM "schema_migrations" ORDER BY "schema_migrations"."version" ASC[0m
  [1m[35m (0.8ms)[0m  [1m[34mSELECT "schema_migrations"."version" FROM "schema_migrations" ORDER BY "schema_migrations"."version" ASC[0m
  [1m[35m (0.1ms)[0m  [1m[35mBEGIN[0m
  [1m[36mUser Create (1.1ms)[0m  [1m[32mINSERT INTO "users" ("username", "location", "created_at", "updated_at") VALUES ($1, $2, $3, $4) RETURNING "id"[0m  [["username", "sdietrich"], ["location", "677 Bayberry Lane\nNew York, NY 10033"], ["created_at", "2020-07-04 20:53:51.702514"], ["updated_at", "2020-07-04 20:53:51.702514"]]
  [1m[35m (0.9ms)[0m  [1m[35mCOMMIT[0m
  [1m[35m (0.1ms)[0m  [1m[35mBEGIN[0m
  [1m[36mUser Create (0.3ms)[0m  [1m[32mINSERT INTO "users" ("username", "location", "created_at", "updated_at") VALUES ($1, $2, $3, $4) RETURNING "id"[0m  [["username", "saltenwerth"], ["location", "601 Andover Court\nJamaica, NY 11435"], ["created_at", "2020-07-04 20:53:51.709001"], ["updated_at", "2020-07-04 20:53:51.709001"]]
  [1m[35m (0.5ms)[0m  [1m[35mCOMMIT[0m
  [1m[35m (0.1ms)[0m  [1m[35mBEGIN[0m
  [1m[36mUser Create (0.2ms)[0m  [1m[32mINSERT INTO "users" ("username", "location", "created_at", "updated_at") VALUES ($1, $2, $3, $4) RETURNING "id"[0m  [["username", "eleuschke"], ["location", "24 Academy Ave.\nBrooklyn, NY 11201"], ["created_at", "2020-07-04 20:53:51.713588"], ["updated_at", "2020-07-04 20:53:51.713588"]]
  [1m[35m (0.5ms)[0m  [1m[35mCOMMIT[0m
  [1m[35m (0.1ms)[0m  [1m[35mBEGIN[0m
  [1m[36mUser Create (0.2ms)[0m  [1m[32mINSERT INTO "users" ("username", "location", "created_at", "updated_at") VALUES ($1, $2, $3, $4) RETURNING "id"[0m  [["username", "sadams"], ["location", "8942 Vale Dr.\nRidgewood, NY 11385"], ["created_at", "2020-07-04 20:53:51.718009"], ["updated_at", "2020-07-04 20:53:51.718009"]]
  [1m[35m (0.4ms)[0m  [1m[35mCOMMIT[0m
  [1m[35m (0.1ms)[0m  [1m[35mBEGIN[0m
  [1m[36mUser Create (0.3ms)[0m  [1m[32mINSERT INTO "users" ("username", "location", "created_at", "updated_at") VALUES ($1, $2, $3, $4) RETURNING "id"[0m  [["username", "nsawayn"], ["location", "9733 Academy St.\nBronx, NY 10452"], ["created_at", "2020-07-04 20:53:51.722198"], ["updated_at", "2020-07-04 20:53:51.722198"]]
  [1m[35m (0.4ms)[0m  [1m[35mCOMMIT[0m
  [1m[35m (0.1ms)[0m  [1m[35mBEGIN[0m
  [1m[36mUser Create (0.3ms)[0m  [1m[32mINSERT INTO "users" ("username", "location", "created_at", "updated_at") VALUES ($1, $2, $3, $4) RETURNING "id"[0m  [["username", "fmckenzie"], ["location", "842 Sheffield Drive\nForest Hills, NY 11375"], ["created_at", "2020-07-04 20:53:51.726629"], ["updated_at", "2020-07-04 20:53:51.726629"]]
  [1m[35m (0.4ms)[0m  [1m[35mCOMMIT[0m
  [1m[35m (0.1ms)[0m  [1m[35mBEGIN[0m
  [1m[36mUser Create (0.4ms)[0m  [1m[32mINSERT INTO "users" ("username", "location", "created_at", "updated_at") VALUES ($1, $2, $3, $4) RETURNING "id"[0m  [["username", "acrooks"], ["location", "540 Evergreen St.\nBrooklyn, NY 11216"], ["created_at", "2020-07-04 20:53:51.730933"], ["updated_at", "2020-07-04 20:53:51.730933"]]
  [1m[35m (0.4ms)[0m  [1m[35mCOMMIT[0m
  [1m[35m (0.1ms)[0m  [1m[35mBEGIN[0m
  [1m[36mUser Create (0.3ms)[0m  [1m[32mINSERT INTO "users" ("username", "location", "created_at", "updated_at") VALUES ($1, $2, $3, $4) RETURNING "id"[0m  [["username", "ndaniel"], ["location", "443 College Lane\nBrooklyn, NY 11207"], ["created_at", "2020-07-04 20:53:51.735463"], ["updated_at", "2020-07-04 20:53:51.735463"]]
  [1m[35m (0.3ms)[0m  [1m[35mCOMMIT[0m
  [1m[35m (0.2ms)[0m  [1m[35mBEGIN[0m
  [1m[36mUser Create (0.3ms)[0m  [1m[32mINSERT INTO "users" ("username", "location", "created_at", "updated_at") VALUES ($1, $2, $3, $4) RETURNING "id"[0m  [["username", "mrenner"], ["location", "897 Livingston St.\nBrooklyn, NY 11211"], ["created_at", "2020-07-04 20:53:51.739983"], ["updated_at", "2020-07-04 20:53:51.739983"]]
  [1m[35m (0.4ms)[0m  [1m[35mCOMMIT[0m
  [1m[35m (0.1ms)[0m  [1m[35mBEGIN[0m
  [1m[36mUser Create (0.3ms)[0m  [1m[32mINSERT INTO "users" ("username", "location", "created_at", "updated_at") VALUES ($1, $2, $3, $4) RETURNING "id"[0m  [["username", "shoeger"], ["location", "63 South Wrangler Lane\nBronx, NY 10466"], ["created_at", "2020-07-04 20:53:51.744908"], ["updated_at", "2020-07-04 20:53:51.744908"]]
  [1m[35m (0.4ms)[0m  [1m[35mCOMMIT[0m
  [1m[35m (0.7ms)[0m  [1m[34mSELECT "schema_migrations"."version" FROM "schema_migrations" ORDER BY "schema_migrations"."version" ASC[0m
  [1m[35m (0.2ms)[0m  [1m[35mBEGIN[0m
  [1m[36mKitchen Create (0.8ms)[0m  [1m[32mINSERT INTO "kitchens" ("username", "description", "food_type", "created_at", "updated_at") VALUES ($1, $2, $3, $4, $5) RETURNING "id"[0m  [["username", "Silver Pub"], ["description", "SVIs mission is to deliver quality products at affordable prices to our independent retailers, wholesalers and food service partners around the world by providing international procurement, distribution, marketing and supply chain management."], ["food_type", "Moroccan"], ["created_at", "2020-07-04 20:54:46.344793"], ["updated_at", "2020-07-04 20:54:46.344793"]]
  [1m[35m (1.4ms)[0m  [1m[35mCOMMIT[0m
  [1m[35m (0.1ms)[0m  [1m[35mBEGIN[0m
  [1m[36mKitchen Create (0.3ms)[0m  [1m[32mINSERT INTO "kitchens" ("username", "description", "location", "food_type", "created_at", "updated_at") VALUES ($1, $2, $3, $4, $5, $6) RETURNING "id"[0m  [["username", "Green Pizza"], ["description", "We earn the loyalty of the people we serve by first anticipating, then fulfilling their needs with our superior-quality products, a unique shopping experience, customer-focused service and continuous innovation, while generating long-term profitable growth for our shareholders."], ["location", "97 Wayne Avenue\nPatchogue, NY 11772"], ["food_type", "Guatemalan"], ["created_at", "2020-07-04 20:54:46.351416"], ["updated_at", "2020-07-04 20:54:46.351416"]]
  [1m[35m (0.4ms)[0m  [1m[35mCOMMIT[0m
  [1m[35m (0.1ms)[0m  [1m[35mBEGIN[0m
  [1m[36mKitchen Create (0.3ms)[0m  [1m[32mINSERT INTO "kitchens" ("username", "description", "location", "food_type", "created_at", "updated_at") VALUES ($1, $2, $3, $4, $5, $6) RETURNING "id"[0m  [["username", "Fat Kitchen"], ["description", "Yoshinoya is in business to create the structure and systems needed to allow our customers access to the majority of their away-from-home daily meal requirements on a one-stop-shop basis. All our products shall be of the highest quality and value, be healthy, nutritious and provided with outstanding personal services at the lowest possible prices consistent with a fair return on investment for our shareholders, job enhancementsecurity for our employees and a level of community involvement by everyone connected with our business. All of our products and services shall be delivered consistently and measured one satisfied customer at a time, whether by company-owned or franchised operations, in superior, clean, convenient, fun and friendly neighborhood environments. We pledge to make Yoshinoya the best place to eat and the best place to work."], ["location", "56 Pilgrim Drive\nNew York, NY 10034"], ["food_type", "Peruvian"], ["created_at", "2020-07-04 20:54:46.355843"], ["updated_at", "2020-07-04 20:54:46.355843"]]
  [1m[35m (0.4ms)[0m  [1m[35mCOMMIT[0m
  [1m[35m (0.1ms)[0m  [1m[35mBEGIN[0m
  [1m[36mKitchen Create (0.3ms)[0m  [1m[32mINSERT INTO "kitchens" ("username", "description", "location", "food_type", "created_at", "updated_at") VALUES ($1, $2, $3, $4, $5, $6) RETURNING "id"[0m  [["username", "JG Cafe"], ["description", "To provide an exceptional dining experience that satisfies our guests’ grown-up tastes by being a Cut-Above in everything we do."], ["location", "651 Garfield Street\nFlushing, NY 11354"], ["food_type", "Korean"], ["created_at", "2020-07-04 20:54:46.360209"], ["updated_at", "2020-07-04 20:54:46.360209"]]
  [1m[35m (0.5ms)[0m  [1m[35mCOMMIT[0m
  [1m[35m (0.1ms)[0m  [1m[35mBEGIN[0m
  [1m[36mKitchen Create (0.3ms)[0m  [1m[32mINSERT INTO "kitchens" ("username", "description", "location", "food_type", "created_at", "updated_at") VALUES ($1, $2, $3, $4, $5, $6) RETURNING "id"[0m  [["username", "Big Spoon"], ["description", "Our Mission at Denny’s is to establish beneficial business relationships with diverse suppliers who share our commitment to customer service, quality and competitive pricing."], ["location", "622 Marshall Drive\nJamaica, NY 11432"], ["food_type", "Thai"], ["created_at", "2020-07-04 20:54:46.364610"], ["updated_at", "2020-07-04 20:54:46.364610"]]
  [1m[35m (0.4ms)[0m  [1m[35mCOMMIT[0m
  [1m[35m (0.1ms)[0m  [1m[35mBEGIN[0m
  [1m[36mKitchen Create (0.3ms)[0m  [1m[32mINSERT INTO "kitchens" ("username", "description", "location", "food_type", "created_at", "updated_at") VALUES ($1, $2, $3, $4, $5, $6) RETURNING "id"[0m  [["username", "91 King"], ["description", "Yoshinoya is in business to create the structure and systems needed to allow our customers access to the majority of their away-from-home daily meal requirements on a one-stop-shop basis. All our products shall be of the highest quality and value, be healthy, nutritious and provided with outstanding personal services at the lowest possible prices consistent with a fair return on investment for our shareholders, job enhancementsecurity for our employees and a level of community involvement by everyone connected with our business. All of our products and services shall be delivered consistently and measured one satisfied customer at a time, whether by company-owned or franchised operations, in superior, clean, convenient, fun and friendly neighborhood environments. We pledge to make Yoshinoya the best place to eat and the best place to work."], ["location", "128 El Dorado Road\nBrooklyn, NY 11223"], ["food_type", "Ecuadorian"], ["created_at", "2020-07-04 20:54:46.369006"], ["updated_at", "2020-07-04 20:54:46.369006"]]
  [1m[35m (0.3ms)[0m  [1m[35mCOMMIT[0m
  [1m[35m (0.3ms)[0m  [1m[35mBEGIN[0m
  [1m[36mKitchen Create (0.3ms)[0m  [1m[32mINSERT INTO "kitchens" ("username", "description", "food_type", "created_at", "updated_at") VALUES ($1, $2, $3, $4, $5) RETURNING "id"[0m  [["username", "349 Diner"], ["description", "To ensure that each guest receives prompt, professional, friendly and courteous service. To maintain a clean, comfortable and well maintained premises for our guests and staff. To provide at a fair price – nutritional, well-prepared meals – using only quality ingredients. To ensure that all guests and staff are treated with the respect and dignity they deserve. To thank each guest for the opportunity to serve them. By maintaining these objectives we shall be assured of a fair profit that will allow us to contribute to the community we serve."], ["food_type", "Turkish"], ["created_at", "2020-07-04 20:54:46.373351"], ["updated_at", "2020-07-04 20:54:46.373351"]]
  [1m[35m (0.3ms)[0m  [1m[35mCOMMIT[0m
  [1m[35m (0.1ms)[0m  [1m[35mBEGIN[0m
  [1m[36mKitchen Create (0.3ms)[0m  [1m[32mINSERT INTO "kitchens" ("username", "description", "location", "food_type", "created_at", "updated_at") VALUES ($1, $2, $3, $4, $5, $6) RETURNING "id"[0m  [["username", "Red Coffee"], ["description", "Culver’s Restaurant was founded by the Culver family in 1984, which eventually branched out to more than 300 franchised restaurants all over the US. Culver’s is well-known for its ButterBurger, which made the restaurant extremely famous. They also have other items which include salads, sandwiches, desserts, etc."], ["location", "8444 Park Rd.\nNew York, NY 10040"], ["food_type", "Turkish"], ["created_at", "2020-07-04 20:54:46.377947"], ["updated_at", "2020-07-04 20:54:46.377947"]]
  [1m[35m (0.3ms)[0m  [1m[35mCOMMIT[0m
  [1m[35m (0.2ms)[0m  [1m[35mBEGIN[0m
  [1m[36mKitchen Create (0.3ms)[0m  [1m[32mINSERT INTO "kitchens" ("username", "description", "location", "created_at", "updated_at") VALUES ($1, $2, $3, $4, $5) RETURNING "id"[0m  [["username", "KDJ Cafe"], ["description", "Culver’s Restaurant was founded by the Culver family in 1984, which eventually branched out to more than 300 franchised restaurants all over the US. Culver’s is well-known for its ButterBurger, which made the restaurant extremely famous. They also have other items which include salads, sandwiches, desserts, etc."], ["location", "715 Lake Drive\nEast Elmhurst, NY 11370"], ["created_at", "2020-07-04 20:54:46.382284"], ["updated_at", "2020-07-04 20:54:46.382284"]]
  [1m[35m (0.3ms)[0m  [1m[35mCOMMIT[0m
  [1m[35m (0.1ms)[0m  [1m[35mBEGIN[0m
  [1m[36mKitchen Create (0.2ms)[0m  [1m[32mINSERT INTO "kitchens" ("username", "description", "location", "food_type", "created_at", "updated_at") VALUES ($1, $2, $3, $4, $5, $6) RETURNING "id"[0m  [["username", "75 Subs"], ["description", "Our mission is to be a leader in the distribution and merchandising of food, pharmacy, health and personal care items, seasonal merchandise, and related products and services. We place considerable importance on forging strong supplier partnerships. Our suppliers, large or small, local or global, are essential components in accomplishing our mission."], ["location", "8444 Park Rd.\nNew York, NY 10040"], ["food_type", "Guatemalan"], ["created_at", "2020-07-04 20:54:46.386650"], ["updated_at", "2020-07-04 20:54:46.386650"]]
  [1m[35m (0.4ms)[0m  [1m[35mCOMMIT[0m
  [1m[36mUser Load (0.4ms)[0m  [1m[34mSELECT "users".* FROM "users" LIMIT $1[0m  [["LIMIT", 11]]
  [1m[36mUser Load (0.4ms)[0m  [1m[34mSELECT "users".* FROM "users" ORDER BY "users"."id" ASC LIMIT $1[0m  [["LIMIT", 1]]
  [1m[36mKitchen Load (0.4ms)[0m  [1m[34mSELECT "kitchens".* FROM "kitchens" ORDER BY "kitchens"."id" ASC LIMIT $1[0m  [["LIMIT", 1]]
  [1m[36mKitchen Load (0.5ms)[0m  [1m[34mSELECT "kitchens".* FROM "kitchens" LIMIT $1[0m  [["LIMIT", 11]]
  [1m[36mKitchen Load (0.3ms)[0m  [1m[34mSELECT "kitchens".* FROM "kitchens" ORDER BY "kitchens"."id" DESC LIMIT $1[0m  [["LIMIT", 1]]
  [1m[36mKitchen Load (0.5ms)[0m  [1m[34mSELECT "kitchens".* FROM "kitchens"[0m
  [1m[36mKitchen Load (0.5ms)[0m  [1m[34mSELECT "kitchens".* FROM "kitchens"[0m
  [1m[35m (0.7ms)[0m  [1m[34mSELECT "schema_migrations"."version" FROM "schema_migrations" ORDER BY "schema_migrations"."version" ASC[0m
  [1m[35m (0.6ms)[0m  [1m[34mSELECT "schema_migrations"."version" FROM "schema_migrations" ORDER BY "schema_migrations"."version" ASC[0m
  [1m[36mKitchen Load (0.7ms)[0m  [1m[34mSELECT "kitchens".* FROM "kitchens"[0m
  [1m[36mUser Load (0.8ms)[0m  [1m[34mSELECT "users".* FROM "users"[0m
  [1m[35m (1.3ms)[0m  [1m[34mSELECT "schema_migrations"."version" FROM "schema_migrations" ORDER BY "schema_migrations"."version" ASC[0m
  [1m[36mKitchen Load (2.8ms)[0m  [1m[34mSELECT "kitchens".* FROM "kitchens"[0m
  [1m[36mUser Load (0.5ms)[0m  [1m[34mSELECT "users".* FROM "users"[0m
  [1m[35m (0.2ms)[0m  [1m[35mBEGIN[0m
  [1m[36mUser Load (0.5ms)[0m  [1m[34mSELECT "users".* FROM "users" WHERE "users"."id" = $1 LIMIT $2[0m  [["id", 3], ["LIMIT", 1]]
  [1m[36mKitchen Load (0.2ms)[0m  [1m[34mSELECT "kitchens".* FROM "kitchens" WHERE "kitchens"."id" = $1 LIMIT $2[0m  [["id", 3], ["LIMIT", 1]]
  [1m[36mOrder Create (7.8ms)[0m  [1m[32mINSERT INTO "orders" ("date", "total_price", "user_id", "kitchen_id", "created_at", "updated_at") VALUES ($1, $2, $3, $4, $5, $6) RETURNING "id"[0m  [["date", "2020-07-04 21:04:36.101162"], ["total_price", "16.0"], ["user_id", 3], ["kitchen_id", 3], ["created_at", "2020-07-04 21:04:36.142916"], ["updated_at", "2020-07-04 21:04:36.142916"]]
  [1m[35m (0.7ms)[0m  [1m[35mCOMMIT[0m
  [1m[36mKitchen Load (0.7ms)[0m  [1m[34mSELECT "kitchens".* FROM "kitchens"[0m
  [1m[36mUser Load (0.3ms)[0m  [1m[34mSELECT "users".* FROM "users"[0m
  [1m[35m (0.2ms)[0m  [1m[35mBEGIN[0m
  [1m[36mUser Load (2.6ms)[0m  [1m[34mSELECT "users".* FROM "users" WHERE "users"."id" = $1 LIMIT $2[0m  [["id", 3], ["LIMIT", 1]]
  [1m[36mKitchen Load (0.3ms)[0m  [1m[34mSELECT "kitchens".* FROM "kitchens" WHERE "kitchens"."id" = $1 LIMIT $2[0m  [["id", 3], ["LIMIT", 1]]
  [1m[36mOrder Create (0.5ms)[0m  [1m[32mINSERT INTO "orders" ("date", "total_price", "user_id", "kitchen_id", "created_at", "updated_at") VALUES ($1, $2, $3, $4, $5, $6) RETURNING "id"[0m  [["date", "2020-07-04 21:04:42.511425"], ["total_price", "13.0"], ["user_id", 3], ["kitchen_id", 3], ["created_at", "2020-07-04 21:04:42.522964"], ["updated_at", "2020-07-04 21:04:42.522964"]]
  [1m[35m (6.1ms)[0m  [1m[35mCOMMIT[0m
  [1m[36mKitchen Load (0.5ms)[0m  [1m[34mSELECT "kitchens".* FROM "kitchens"[0m
  [1m[36mUser Load (0.3ms)[0m  [1m[34mSELECT "users".* FROM "users"[0m
  [1m[35m (0.2ms)[0m  [1m[35mBEGIN[0m
  [1m[36mUser Load (1.0ms)[0m  [1m[34mSELECT "users".* FROM "users" WHERE "users"."id" = $1 LIMIT $2[0m  [["id", 1], ["LIMIT", 1]]
  [1m[36mKitchen Load (0.4ms)[0m  [1m[34mSELECT "kitchens".* FROM "kitchens" WHERE "kitchens"."id" = $1 LIMIT $2[0m  [["id", 1], ["LIMIT", 1]]
  [1m[36mOrder Create (0.5ms)[0m  [1m[32mINSERT INTO "orders" ("date", "total_price", "user_id", "kitchen_id", "created_at", "updated_at") VALUES ($1, $2, $3, $4, $5, $6) RETURNING "id"[0m  [["date", "2020-07-04 21:04:45.861750"], ["total_price", "19.0"], ["user_id", 1], ["kitchen_id", 1], ["created_at", "2020-07-04 21:04:45.871908"], ["updated_at", "2020-07-04 21:04:45.871908"]]
  [1m[35m (6.2ms)[0m  [1m[35mCOMMIT[0m
  [1m[36mKitchen Load (0.5ms)[0m  [1m[34mSELECT "kitchens".* FROM "kitchens"[0m
  [1m[36mUser Load (0.3ms)[0m  [1m[34mSELECT "users".* FROM "users"[0m
  [1m[35m (0.2ms)[0m  [1m[35mBEGIN[0m
  [1m[36mUser Load (0.3ms)[0m  [1m[34mSELECT "users".* FROM "users" WHERE "users"."id" = $1 LIMIT $2[0m  [["id", 6], ["LIMIT", 1]]
  [1m[36mKitchen Load (0.3ms)[0m  [1m[34mSELECT "kitchens".* FROM "kitchens" WHERE "kitchens"."id" = $1 LIMIT $2[0m  [["id", 6], ["LIMIT", 1]]
  [1m[36mOrder Create (0.5ms)[0m  [1m[32mINSERT INTO "orders" ("date", "total_price", "user_id", "kitchen_id", "created_at", "updated_at") VALUES ($1, $2, $3, $4, $5, $6) RETURNING "id"[0m  [["date", "2020-07-04 21:04:46.581392"], ["total_price", "14.0"], ["user_id", 6], ["kitchen_id", 6], ["created_at", "2020-07-04 21:04:46.593573"], ["updated_at", "2020-07-04 21:04:46.593573"]]
  [1m[35m (5.1ms)[0m  [1m[35mCOMMIT[0m
  [1m[36mKitchen Load (0.5ms)[0m  [1m[34mSELECT "kitchens".* FROM "kitchens"[0m
  [1m[36mUser Load (0.4ms)[0m  [1m[34mSELECT "users".* FROM "users"[0m
  [1m[35m (2.3ms)[0m  [1m[35mBEGIN[0m
  [1m[36mUser Load (0.3ms)[0m  [1m[34mSELECT "users".* FROM "users" WHERE "users"."id" = $1 LIMIT $2[0m  [["id", 10], ["LIMIT", 1]]
  [1m[36mKitchen Load (0.3ms)[0m  [1m[34mSELECT "kitchens".* FROM "kitchens" WHERE "kitchens"."id" = $1 LIMIT $2[0m  [["id", 10], ["LIMIT", 1]]
  [1m[36mOrder Create (0.5ms)[0m  [1m[32mINSERT INTO "orders" ("date", "total_price", "user_id", "kitchen_id", "created_at", "updated_at") VALUES ($1, $2, $3, $4, $5, $6) RETURNING "id"[0m  [["date", "2020-07-04 21:04:47.189373"], ["total_price", "17.0"], ["user_id", 10], ["kitchen_id", 10], ["created_at", "2020-07-04 21:04:47.203108"], ["updated_at", "2020-07-04 21:04:47.203108"]]
  [1m[35m (4.9ms)[0m  [1m[35mCOMMIT[0m
  [1m[36mKitchen Load (0.6ms)[0m  [1m[34mSELECT "kitchens".* FROM "kitchens"[0m
  [1m[36mUser Load (0.4ms)[0m  [1m[34mSELECT "users".* FROM "users"[0m
  [1m[35m (0.2ms)[0m  [1m[35mBEGIN[0m
  [1m[36mUser Load (0.3ms)[0m  [1m[34mSELECT "users".* FROM "users" WHERE "users"."id" = $1 LIMIT $2[0m  [["id", 8], ["LIMIT", 1]]
  [1m[36mKitchen Load (0.6ms)[0m  [1m[34mSELECT "kitchens".* FROM "kitchens" WHERE "kitchens"."id" = $1 LIMIT $2[0m  [["id", 8], ["LIMIT", 1]]
  [1m[36mOrder Create (0.8ms)[0m  [1m[32mINSERT INTO "orders" ("date", "total_price", "user_id", "kitchen_id", "created_at", "updated_at") VALUES ($1, $2, $3, $4, $5, $6) RETURNING "id"[0m  [["date", "2020-07-04 21:04:47.752770"], ["total_price", "25.0"], ["user_id", 8], ["kitchen_id", 8], ["created_at", "2020-07-04 21:04:47.761480"], ["updated_at", "2020-07-04 21:04:47.761480"]]
  [1m[35m (0.4ms)[0m  [1m[35mCOMMIT[0m
  [1m[36mKitchen Load (0.5ms)[0m  [1m[34mSELECT "kitchens".* FROM "kitchens"[0m
  [1m[36mUser Load (0.3ms)[0m  [1m[34mSELECT "users".* FROM "users"[0m
  [1m[35m (0.2ms)[0m  [1m[35mBEGIN[0m
  [1m[36mUser Load (2.9ms)[0m  [1m[34mSELECT "users".* FROM "users" WHERE "users"."id" = $1 LIMIT $2[0m  [["id", 8], ["LIMIT", 1]]
  [1m[36mKitchen Load (0.2ms)[0m  [1m[34mSELECT "kitchens".* FROM "kitchens" WHERE "kitchens"."id" = $1 LIMIT $2[0m  [["id", 8], ["LIMIT", 1]]
  [1m[36mOrder Create (0.4ms)[0m  [1m[32mINSERT INTO "orders" ("date", "total_price", "user_id", "kitchen_id", "created_at", "updated_at") VALUES ($1, $2, $3, $4, $5, $6) RETURNING "id"[0m  [["date", "2020-07-04 21:04:48.429307"], ["total_price", "9.0"], ["user_id", 8], ["kitchen_id", 8], ["created_at", "2020-07-04 21:04:48.439067"], ["updated_at", "2020-07-04 21:04:48.439067"]]
  [1m[35m (5.9ms)[0m  [1m[35mCOMMIT[0m
  [1m[36mKitchen Load (0.4ms)[0m  [1m[34mSELECT "kitchens".* FROM "kitchens"[0m
  [1m[36mUser Load (0.3ms)[0m  [1m[34mSELECT "users".* FROM "users"[0m
  [1m[35m (0.3ms)[0m  [1m[35mBEGIN[0m
  [1m[36mUser Load (1.0ms)[0m  [1m[34mSELECT "users".* FROM "users" WHERE "users"."id" = $1 LIMIT $2[0m  [["id", 9], ["LIMIT", 1]]
  [1m[36mKitchen Load (0.2ms)[0m  [1m[34mSELECT "kitchens".* FROM "kitchens" WHERE "kitchens"."id" = $1 LIMIT $2[0m  [["id", 9], ["LIMIT", 1]]
  [1m[36mOrder Create (0.4ms)[0m  [1m[32mINSERT INTO "orders" ("date", "total_price", "user_id", "kitchen_id", "created_at", "updated_at") VALUES ($1, $2, $3, $4, $5, $6) RETURNING "id"[0m  [["date", "2020-07-04 21:04:49.074854"], ["total_price", "21.0"], ["user_id", 9], ["kitchen_id", 9], ["created_at", "2020-07-04 21:04:49.083946"], ["updated_at", "2020-07-04 21:04:49.083946"]]
  [1m[35m (6.3ms)[0m  [1m[35mCOMMIT[0m
  [1m[36mKitchen Load (0.5ms)[0m  [1m[34mSELECT "kitchens".* FROM "kitchens"[0m
  [1m[36mUser Load (0.3ms)[0m  [1m[34mSELECT "users".* FROM "users"[0m
  [1m[35m (0.2ms)[0m  [1m[35mBEGIN[0m
  [1m[36mUser Load (2.8ms)[0m  [1m[34mSELECT "users".* FROM "users" WHERE "users"."id" = $1 LIMIT $2[0m  [["id", 10], ["LIMIT", 1]]
  [1m[36mKitchen Load (0.2ms)[0m  [1m[34mSELECT "kitchens".* FROM "kitchens" WHERE "kitchens"."id" = $1 LIMIT $2[0m  [["id", 10], ["LIMIT", 1]]
  [1m[36mOrder Create (0.5ms)[0m  [1m[32mINSERT INTO "orders" ("date", "total_price", "user_id", "kitchen_id", "created_at", "updated_at") VALUES ($1, $2, $3, $4, $5, $6) RETURNING "id"[0m  [["date", "2020-07-04 21:04:49.810227"], ["total_price", "28.0"], ["user_id", 10], ["kitchen_id", 10], ["created_at", "2020-07-04 21:04:49.819839"], ["updated_at", "2020-07-04 21:04:49.819839"]]
  [1m[35m (6.3ms)[0m  [1m[35mCOMMIT[0m
  [1m[36mKitchen Load (0.5ms)[0m  [1m[34mSELECT "kitchens".* FROM "kitchens"[0m
  [1m[36mUser Load (0.4ms)[0m  [1m[34mSELECT "users".* FROM "users"[0m
  [1m[35m (0.2ms)[0m  [1m[35mBEGIN[0m
  [1m[36mUser Load (0.6ms)[0m  [1m[34mSELECT "users".* FROM "users" WHERE "users"."id" = $1 LIMIT $2[0m  [["id", 6], ["LIMIT", 1]]
  [1m[36mKitchen Load (0.2ms)[0m  [1m[34mSELECT "kitchens".* FROM "kitchens" WHERE "kitchens"."id" = $1 LIMIT $2[0m  [["id", 6], ["LIMIT", 1]]
  [1m[36mOrder Create (0.5ms)[0m  [1m[32mINSERT INTO "orders" ("date", "total_price", "user_id", "kitchen_id", "created_at", "updated_at") VALUES ($1, $2, $3, $4, $5, $6) RETURNING "id"[0m  [["date", "2020-07-04 21:04:50.411785"], ["total_price", "9.0"], ["user_id", 6], ["kitchen_id", 6], ["created_at", "2020-07-04 21:04:50.420774"], ["updated_at", "2020-07-04 21:04:50.420774"]]
  [1m[35m (6.3ms)[0m  [1m[35mCOMMIT[0m
  [1m[36mOrder Load (0.5ms)[0m  [1m[34mSELECT "orders".* FROM "orders" LIMIT $1[0m  [["LIMIT", 11]]
  [1m[35m (0.7ms)[0m  [1m[34mSELECT COUNT(*) FROM "orders"[0m
  [1m[36mOrder Load (0.3ms)[0m  [1m[34mSELECT "orders".* FROM "orders" ORDER BY "orders"."id" DESC LIMIT $1[0m  [["LIMIT", 1]]
  [1m[36mUser Load (0.6ms)[0m  [1m[34mSELECT "users".* FROM "users"[0m
  [1m[36mUser Load (0.5ms)[0m  [1m[34mSELECT "users".* FROM "users"[0m
  [1m[36mOrder Load (0.3ms)[0m  [1m[34mSELECT "orders".* FROM "orders" WHERE "orders"."user_id" = $1 LIMIT $2[0m  [["user_id", 7], ["LIMIT", 11]]
  [1m[36mUser Load (0.4ms)[0m  [1m[34mSELECT "users".* FROM "users"[0m
  [1m[36mUser Load (0.4ms)[0m  [1m[34mSELECT "users".* FROM "users"[0m
  [1m[36mUser Load (0.4ms)[0m  [1m[34mSELECT "users".* FROM "users" LIMIT $1[0m  [["LIMIT", 11]]
  [1m[36mUser Load (0.5ms)[0m  [1m[34mSELECT "users".* FROM "users" ORDER BY "users"."id" DESC LIMIT $1[0m  [["LIMIT", 1]]
  [1m[36mOrder Load (1.2ms)[0m  [1m[34mSELECT "orders".* FROM "orders" ORDER BY "orders"."id" DESC LIMIT $1[0m  [["LIMIT", 1]]
  [1m[36mOrder Load (0.4ms)[0m  [1m[34mSELECT "orders".* FROM "orders" ORDER BY "orders"."id" ASC LIMIT $1[0m  [["LIMIT", 1]]
  [1m[35m (0.6ms)[0m  [1m[34mSELECT "schema_migrations"."version" FROM "schema_migrations" ORDER BY "schema_migrations"."version" ASC[0m
  [1m[36mUser Load (0.6ms)[0m  [1m[34mSELECT "users".* FROM "users"[0m
  [1m[35m (0.2ms)[0m  [1m[35mBEGIN[0m
  [1m[36mUser Destroy (2.6ms)[0m  [1m[31mDELETE FROM "users" WHERE "users"."id" = $1[0m  [["id", 1]]
  [1m[35m (0.2ms)[0m  [1m[31mROLLBACK[0m
  [1m[35m (0.6ms)[0m  [1m[34mSELECT "schema_migrations"."version" FROM "schema_migrations" ORDER BY "schema_migrations"."version" ASC[0m
  [1m[36mUser Load (0.8ms)[0m  [1m[34mSELECT "users".* FROM "users"[0m
  [1m[35m (0.2ms)[0m  [1m[35mBEGIN[0m
  [1m[36mUser Destroy (1.3ms)[0m  [1m[31mDELETE FROM "users" WHERE "users"."id" = $1[0m  [["id", 1]]
  [1m[35m (0.1ms)[0m  [1m[31mROLLBACK[0m
  [1m[35m (0.8ms)[0m  [1m[34mSELECT "schema_migrations"."version" FROM "schema_migrations" ORDER BY "schema_migrations"."version" ASC[0m
  [1m[36mOrder Load (0.6ms)[0m  [1m[34mSELECT "orders".* FROM "orders"[0m
  [1m[35m (0.2ms)[0m  [1m[35mBEGIN[0m
  [1m[36mOrder Destroy (0.7ms)[0m  [1m[31mDELETE FROM "orders" WHERE "orders"."id" = $1[0m  [["id", 1]]
  [1m[35m (1.5ms)[0m  [1m[35mCOMMIT[0m
  [1m[35m (0.1ms)[0m  [1m[35mBEGIN[0m
  [1m[36mOrder Destroy (0.3ms)[0m  [1m[31mDELETE FROM "orders" WHERE "orders"."id" = $1[0m  [["id", 2]]
  [1m[35m (0.3ms)[0m  [1m[35mCOMMIT[0m
  [1m[35m (0.1ms)[0m  [1m[35mBEGIN[0m
  [1m[36mOrder Destroy (0.3ms)[0m  [1m[31mDELETE FROM "orders" WHERE "orders"."id" = $1[0m  [["id", 3]]
  [1m[35m (0.4ms)[0m  [1m[35mCOMMIT[0m
  [1m[35m (0.2ms)[0m  [1m[35mBEGIN[0m
  [1m[36mOrder Destroy (0.3ms)[0m  [1m[31mDELETE FROM "orders" WHERE "orders"."id" = $1[0m  [["id", 4]]
  [1m[35m (0.5ms)[0m  [1m[35mCOMMIT[0m
  [1m[35m (0.1ms)[0m  [1m[35mBEGIN[0m
  [1m[36mOrder Destroy (0.3ms)[0m  [1m[31mDELETE FROM "orders" WHERE "orders"."id" = $1[0m  [["id", 5]]
  [1m[35m (0.3ms)[0m  [1m[35mCOMMIT[0m
  [1m[35m (0.1ms)[0m  [1m[35mBEGIN[0m
  [1m[36mOrder Destroy (0.3ms)[0m  [1m[31mDELETE FROM "orders" WHERE "orders"."id" = $1[0m  [["id", 6]]
  [1m[35m (0.3ms)[0m  [1m[35mCOMMIT[0m
  [1m[35m (0.2ms)[0m  [1m[35mBEGIN[0m
  [1m[36mOrder Destroy (0.3ms)[0m  [1m[31mDELETE FROM "orders" WHERE "orders"."id" = $1[0m  [["id", 7]]
  [1m[35m (0.3ms)[0m  [1m[35mCOMMIT[0m
  [1m[35m (0.1ms)[0m  [1m[35mBEGIN[0m
  [1m[36mOrder Destroy (0.3ms)[0m  [1m[31mDELETE FROM "orders" WHERE "orders"."id" = $1[0m  [["id", 8]]
  [1m[35m (0.4ms)[0m  [1m[35mCOMMIT[0m
  [1m[35m (0.1ms)[0m  [1m[35mBEGIN[0m
  [1m[36mOrder Destroy (0.3ms)[0m  [1m[31mDELETE FROM "orders" WHERE "orders"."id" = $1[0m  [["id", 9]]
  [1m[35m (0.4ms)[0m  [1m[35mCOMMIT[0m
  [1m[35m (0.1ms)[0m  [1m[35mBEGIN[0m
  [1m[36mOrder Destroy (0.3ms)[0m  [1m[31mDELETE FROM "orders" WHERE "orders"."id" = $1[0m  [["id", 10]]
  [1m[35m (0.3ms)[0m  [1m[35mCOMMIT[0m
  [1m[35m (0.6ms)[0m  [1m[34mSELECT "schema_migrations"."version" FROM "schema_migrations" ORDER BY "schema_migrations"."version" ASC[0m
  [1m[36mUser Load (0.5ms)[0m  [1m[34mSELECT "users".* FROM "users"[0m
  [1m[35m (0.2ms)[0m  [1m[35mBEGIN[0m
  [1m[36mUser Destroy (1.0ms)[0m  [1m[31mDELETE FROM "users" WHERE "users"."id" = $1[0m  [["id", 1]]
  [1m[35m (0.5ms)[0m  [1m[35mCOMMIT[0m
  [1m[35m (0.1ms)[0m  [1m[35mBEGIN[0m
  [1m[36mUser Destroy (0.4ms)[0m  [1m[31mDELETE FROM "users" WHERE "users"."id" = $1[0m  [["id", 2]]
  [1m[35m (0.3ms)[0m  [1m[35mCOMMIT[0m
  [1m[35m (0.1ms)[0m  [1m[35mBEGIN[0m
  [1m[36mUser Destroy (0.4ms)[0m  [1m[31mDELETE FROM "users" WHERE "users"."id" = $1[0m  [["id", 3]]
  [1m[35m (0.4ms)[0m  [1m[35mCOMMIT[0m
  [1m[35m (0.1ms)[0m  [1m[35mBEGIN[0m
  [1m[36mUser Destroy (0.3ms)[0m  [1m[31mDELETE FROM "users" WHERE "users"."id" = $1[0m  [["id", 4]]
  [1m[35m (0.3ms)[0m  [1m[35mCOMMIT[0m
  [1m[35m (0.1ms)[0m  [1m[35mBEGIN[0m
  [1m[36mUser Destroy (0.4ms)[0m  [1m[31mDELETE FROM "users" WHERE "users"."id" = $1[0m  [["id", 5]]
  [1m[35m (0.4ms)[0m  [1m[35mCOMMIT[0m
  [1m[35m (0.1ms)[0m  [1m[35mBEGIN[0m
  [1m[36mUser Destroy (0.4ms)[0m  [1m[31mDELETE FROM "users" WHERE "users"."id" = $1[0m  [["id", 6]]
  [1m[35m (0.4ms)[0m  [1m[35mCOMMIT[0m
  [1m[35m (0.1ms)[0m  [1m[35mBEGIN[0m
  [1m[36mUser Destroy (0.4ms)[0m  [1m[31mDELETE FROM "users" WHERE "users"."id" = $1[0m  [["id", 7]]
  [1m[35m (0.3ms)[0m  [1m[35mCOMMIT[0m
  [1m[35m (0.1ms)[0m  [1m[35mBEGIN[0m
  [1m[36mUser Destroy (0.3ms)[0m  [1m[31mDELETE FROM "users" WHERE "users"."id" = $1[0m  [["id", 8]]
  [1m[35m (0.4ms)[0m  [1m[35mCOMMIT[0m
  [1m[35m (0.1ms)[0m  [1m[35mBEGIN[0m
  [1m[36mUser Destroy (0.3ms)[0m  [1m[31mDELETE FROM "users" WHERE "users"."id" = $1[0m  [["id", 9]]
  [1m[35m (0.3ms)[0m  [1m[35mCOMMIT[0m
  [1m[35m (0.1ms)[0m  [1m[35mBEGIN[0m
  [1m[36mUser Destroy (0.3ms)[0m  [1m[31mDELETE FROM "users" WHERE "users"."id" = $1[0m  [["id", 10]]
  [1m[35m (0.4ms)[0m  [1m[35mCOMMIT[0m
  [1m[36mKitchen Load (0.5ms)[0m  [1m[34mSELECT "kitchens".* FROM "kitchens"[0m
  [1m[35m (0.2ms)[0m  [1m[35mBEGIN[0m
  [1m[36mKitchen Destroy (1.6ms)[0m  [1m[31mDELETE FROM "kitchens" WHERE "kitchens"."id" = $1[0m  [["id", 1]]
  [1m[35m (0.4ms)[0m  [1m[35mCOMMIT[0m
  [1m[35m (0.1ms)[0m  [1m[35mBEGIN[0m
  [1m[36mKitchen Destroy (0.4ms)[0m  [1m[31mDELETE FROM "kitchens" WHERE "kitchens"."id" = $1[0m  [["id", 2]]
  [1m[35m (0.4ms)[0m  [1m[35mCOMMIT[0m
  [1m[35m (0.1ms)[0m  [1m[35mBEGIN[0m
  [1m[36mKitchen Destroy (0.7ms)[0m  [1m[31mDELETE FROM "kitchens" WHERE "kitchens"."id" = $1[0m  [["id", 3]]
  [1m[35m (0.4ms)[0m  [1m[35mCOMMIT[0m
  [1m[35m (0.1ms)[0m  [1m[35mBEGIN[0m
  [1m[36mKitchen Destroy (0.4ms)[0m  [1m[31mDELETE FROM "kitchens" WHERE "kitchens"."id" = $1[0m  [["id", 4]]
  [1m[35m (0.5ms)[0m  [1m[35mCOMMIT[0m
  [1m[35m (0.1ms)[0m  [1m[35mBEGIN[0m
  [1m[36mKitchen Destroy (0.4ms)[0m  [1m[31mDELETE FROM "kitchens" WHERE "kitchens"."id" = $1[0m  [["id", 5]]
  [1m[35m (0.4ms)[0m  [1m[35mCOMMIT[0m
  [1m[35m (0.1ms)[0m  [1m[35mBEGIN[0m
  [1m[36mKitchen Destroy (0.4ms)[0m  [1m[31mDELETE FROM "kitchens" WHERE "kitchens"."id" = $1[0m  [["id", 6]]
  [1m[35m (0.3ms)[0m  [1m[35mCOMMIT[0m
  [1m[35m (0.1ms)[0m  [1m[35mBEGIN[0m
  [1m[36mKitchen Destroy (0.3ms)[0m  [1m[31mDELETE FROM "kitchens" WHERE "kitchens"."id" = $1[0m  [["id", 7]]
  [1m[35m (0.3ms)[0m  [1m[35mCOMMIT[0m
  [1m[35m (0.1ms)[0m  [1m[35mBEGIN[0m
  [1m[36mKitchen Destroy (0.3ms)[0m  [1m[31mDELETE FROM "kitchens" WHERE "kitchens"."id" = $1[0m  [["id", 8]]
  [1m[35m (0.4ms)[0m  [1m[35mCOMMIT[0m
  [1m[35m (0.1ms)[0m  [1m[35mBEGIN[0m
  [1m[36mKitchen Destroy (0.3ms)[0m  [1m[31mDELETE FROM "kitchens" WHERE "kitchens"."id" = $1[0m  [["id", 9]]
  [1m[35m (0.3ms)[0m  [1m[35mCOMMIT[0m
  [1m[35m (0.1ms)[0m  [1m[35mBEGIN[0m
  [1m[36mKitchen Destroy (0.3ms)[0m  [1m[31mDELETE FROM "kitchens" WHERE "kitchens"."id" = $1[0m  [["id", 10]]
  [1m[35m (0.4ms)[0m  [1m[35mCOMMIT[0m
